<?xml version="1.0" encoding="UTF-8"?>
<testsuite xmlns:xsi="http://www.w3.org/2001/XMLSchema-instance" xsi:noNamespaceSchemaLocation="https://maven.apache.org/surefire/maven-surefire-plugin/xsd/surefire-test-report.xsd" name="de.volkswagen.filmnightbackend.FilmNightBackendApplicationTests" time="5.967" tests="1" errors="0" skipped="0" failures="0">
  <properties>
    <property name="gopherProxySet" value="false"/>
    <property name="awt.toolkit" value="sun.lwawt.macosx.LWCToolkit"/>
    <property name="file.encoding.pkg" value="sun.io"/>
    <property name="java.specification.version" value="1.8"/>
    <property name="sun.cpu.isalist" value=""/>
    <property name="sun.jnu.encoding" value="UTF-8"/>
    <property name="java.class.path" value="/Users/u2pxp9x/dev/fak-pruefung/film-night/film-night-backend/target/test-classes:/Users/u2pxp9x/dev/fak-pruefung/film-night/film-night-backend/target/classes:/Users/u2pxp9x/.m2/org/springframework/boot/spring-boot-starter-web/2.7.2/spring-boot-starter-web-2.7.2.jar:/Users/u2pxp9x/.m2/org/springframework/boot/spring-boot-starter/2.7.2/spring-boot-starter-2.7.2.jar:/Users/u2pxp9x/.m2/org/springframework/boot/spring-boot/2.7.2/spring-boot-2.7.2.jar:/Users/u2pxp9x/.m2/org/springframework/boot/spring-boot-autoconfigure/2.7.2/spring-boot-autoconfigure-2.7.2.jar:/Users/u2pxp9x/.m2/org/springframework/boot/spring-boot-starter-logging/2.7.2/spring-boot-starter-logging-2.7.2.jar:/Users/u2pxp9x/.m2/ch/qos/logback/logback-classic/1.2.11/logback-classic-1.2.11.jar:/Users/u2pxp9x/.m2/ch/qos/logback/logback-core/1.2.11/logback-core-1.2.11.jar:/Users/u2pxp9x/.m2/org/apache/logging/log4j/log4j-to-slf4j/2.17.2/log4j-to-slf4j-2.17.2.jar:/Users/u2pxp9x/.m2/org/apache/logging/log4j/log4j-api/2.17.2/log4j-api-2.17.2.jar:/Users/u2pxp9x/.m2/org/slf4j/jul-to-slf4j/1.7.36/jul-to-slf4j-1.7.36.jar:/Users/u2pxp9x/.m2/jakarta/annotation/jakarta.annotation-api/1.3.5/jakarta.annotation-api-1.3.5.jar:/Users/u2pxp9x/.m2/org/yaml/snakeyaml/1.30/snakeyaml-1.30.jar:/Users/u2pxp9x/.m2/org/springframework/boot/spring-boot-starter-json/2.7.2/spring-boot-starter-json-2.7.2.jar:/Users/u2pxp9x/.m2/com/fasterxml/jackson/core/jackson-databind/2.13.3/jackson-databind-2.13.3.jar:/Users/u2pxp9x/.m2/com/fasterxml/jackson/core/jackson-annotations/2.13.3/jackson-annotations-2.13.3.jar:/Users/u2pxp9x/.m2/com/fasterxml/jackson/datatype/jackson-datatype-jdk8/2.13.3/jackson-datatype-jdk8-2.13.3.jar:/Users/u2pxp9x/.m2/com/fasterxml/jackson/datatype/jackson-datatype-jsr310/2.13.3/jackson-datatype-jsr310-2.13.3.jar:/Users/u2pxp9x/.m2/com/fasterxml/jackson/module/jackson-module-parameter-names/2.13.3/jackson-module-parameter-names-2.13.3.jar:/Users/u2pxp9x/.m2/org/springframework/boot/spring-boot-starter-tomcat/2.7.2/spring-boot-starter-tomcat-2.7.2.jar:/Users/u2pxp9x/.m2/org/apache/tomcat/embed/tomcat-embed-core/9.0.65/tomcat-embed-core-9.0.65.jar:/Users/u2pxp9x/.m2/org/apache/tomcat/embed/tomcat-embed-el/9.0.65/tomcat-embed-el-9.0.65.jar:/Users/u2pxp9x/.m2/org/apache/tomcat/embed/tomcat-embed-websocket/9.0.65/tomcat-embed-websocket-9.0.65.jar:/Users/u2pxp9x/.m2/org/springframework/spring-web/5.3.22/spring-web-5.3.22.jar:/Users/u2pxp9x/.m2/org/springframework/spring-beans/5.3.22/spring-beans-5.3.22.jar:/Users/u2pxp9x/.m2/org/springframework/spring-webmvc/5.3.22/spring-webmvc-5.3.22.jar:/Users/u2pxp9x/.m2/org/springframework/spring-aop/5.3.22/spring-aop-5.3.22.jar:/Users/u2pxp9x/.m2/org/springframework/spring-context/5.3.22/spring-context-5.3.22.jar:/Users/u2pxp9x/.m2/org/springframework/spring-expression/5.3.22/spring-expression-5.3.22.jar:/Users/u2pxp9x/.m2/org/springframework/boot/spring-boot-starter-test/2.7.2/spring-boot-starter-test-2.7.2.jar:/Users/u2pxp9x/.m2/org/springframework/boot/spring-boot-test/2.7.2/spring-boot-test-2.7.2.jar:/Users/u2pxp9x/.m2/org/springframework/boot/spring-boot-test-autoconfigure/2.7.2/spring-boot-test-autoconfigure-2.7.2.jar:/Users/u2pxp9x/.m2/com/jayway/jsonpath/json-path/2.7.0/json-path-2.7.0.jar:/Users/u2pxp9x/.m2/net/minidev/json-smart/2.4.8/json-smart-2.4.8.jar:/Users/u2pxp9x/.m2/net/minidev/accessors-smart/2.4.8/accessors-smart-2.4.8.jar:/Users/u2pxp9x/.m2/org/ow2/asm/asm/9.1/asm-9.1.jar:/Users/u2pxp9x/.m2/org/slf4j/slf4j-api/1.7.36/slf4j-api-1.7.36.jar:/Users/u2pxp9x/.m2/jakarta/xml/bind/jakarta.xml.bind-api/2.3.3/jakarta.xml.bind-api-2.3.3.jar:/Users/u2pxp9x/.m2/jakarta/activation/jakarta.activation-api/1.2.2/jakarta.activation-api-1.2.2.jar:/Users/u2pxp9x/.m2/org/assertj/assertj-core/3.22.0/assertj-core-3.22.0.jar:/Users/u2pxp9x/.m2/org/hamcrest/hamcrest/2.2/hamcrest-2.2.jar:/Users/u2pxp9x/.m2/org/junit/jupiter/junit-jupiter/5.8.2/junit-jupiter-5.8.2.jar:/Users/u2pxp9x/.m2/org/junit/jupiter/junit-jupiter-api/5.8.2/junit-jupiter-api-5.8.2.jar:/Users/u2pxp9x/.m2/org/opentest4j/opentest4j/1.2.0/opentest4j-1.2.0.jar:/Users/u2pxp9x/.m2/org/junit/platform/junit-platform-commons/1.8.2/junit-platform-commons-1.8.2.jar:/Users/u2pxp9x/.m2/org/apiguardian/apiguardian-api/1.1.2/apiguardian-api-1.1.2.jar:/Users/u2pxp9x/.m2/org/junit/jupiter/junit-jupiter-params/5.8.2/junit-jupiter-params-5.8.2.jar:/Users/u2pxp9x/.m2/org/junit/jupiter/junit-jupiter-engine/5.8.2/junit-jupiter-engine-5.8.2.jar:/Users/u2pxp9x/.m2/org/junit/platform/junit-platform-engine/1.8.2/junit-platform-engine-1.8.2.jar:/Users/u2pxp9x/.m2/org/mockito/mockito-core/4.5.1/mockito-core-4.5.1.jar:/Users/u2pxp9x/.m2/net/bytebuddy/byte-buddy/1.12.12/byte-buddy-1.12.12.jar:/Users/u2pxp9x/.m2/net/bytebuddy/byte-buddy-agent/1.12.12/byte-buddy-agent-1.12.12.jar:/Users/u2pxp9x/.m2/org/objenesis/objenesis/3.2/objenesis-3.2.jar:/Users/u2pxp9x/.m2/org/mockito/mockito-junit-jupiter/4.5.1/mockito-junit-jupiter-4.5.1.jar:/Users/u2pxp9x/.m2/org/skyscreamer/jsonassert/1.5.1/jsonassert-1.5.1.jar:/Users/u2pxp9x/.m2/com/vaadin/external/google/android-json/0.0.20131108.vaadin1/android-json-0.0.20131108.vaadin1.jar:/Users/u2pxp9x/.m2/org/springframework/spring-core/5.3.22/spring-core-5.3.22.jar:/Users/u2pxp9x/.m2/org/springframework/spring-jcl/5.3.22/spring-jcl-5.3.22.jar:/Users/u2pxp9x/.m2/org/springframework/spring-test/5.3.22/spring-test-5.3.22.jar:/Users/u2pxp9x/.m2/org/xmlunit/xmlunit-core/2.9.0/xmlunit-core-2.9.0.jar:/Users/u2pxp9x/.m2/org/springframework/boot/spring-boot-starter-data-jpa/2.7.2/spring-boot-starter-data-jpa-2.7.2.jar:/Users/u2pxp9x/.m2/org/springframework/boot/spring-boot-starter-aop/2.7.2/spring-boot-starter-aop-2.7.2.jar:/Users/u2pxp9x/.m2/org/aspectj/aspectjweaver/1.9.7/aspectjweaver-1.9.7.jar:/Users/u2pxp9x/.m2/org/springframework/boot/spring-boot-starter-jdbc/2.7.2/spring-boot-starter-jdbc-2.7.2.jar:/Users/u2pxp9x/.m2/com/zaxxer/HikariCP/4.0.3/HikariCP-4.0.3.jar:/Users/u2pxp9x/.m2/org/springframework/spring-jdbc/5.3.22/spring-jdbc-5.3.22.jar:/Users/u2pxp9x/.m2/jakarta/transaction/jakarta.transaction-api/1.3.3/jakarta.transaction-api-1.3.3.jar:/Users/u2pxp9x/.m2/jakarta/persistence/jakarta.persistence-api/2.2.3/jakarta.persistence-api-2.2.3.jar:/Users/u2pxp9x/.m2/org/hibernate/hibernate-core/5.6.10.Final/hibernate-core-5.6.10.Final.jar:/Users/u2pxp9x/.m2/org/jboss/logging/jboss-logging/3.4.3.Final/jboss-logging-3.4.3.Final.jar:/Users/u2pxp9x/.m2/antlr/antlr/2.7.7/antlr-2.7.7.jar:/Users/u2pxp9x/.m2/org/jboss/jandex/2.4.2.Final/jandex-2.4.2.Final.jar:/Users/u2pxp9x/.m2/com/fasterxml/classmate/1.5.1/classmate-1.5.1.jar:/Users/u2pxp9x/.m2/org/hibernate/common/hibernate-commons-annotations/5.1.2.Final/hibernate-commons-annotations-5.1.2.Final.jar:/Users/u2pxp9x/.m2/org/glassfish/jaxb/jaxb-runtime/2.3.6/jaxb-runtime-2.3.6.jar:/Users/u2pxp9x/.m2/org/glassfish/jaxb/txw2/2.3.6/txw2-2.3.6.jar:/Users/u2pxp9x/.m2/com/sun/istack/istack-commons-runtime/3.0.12/istack-commons-runtime-3.0.12.jar:/Users/u2pxp9x/.m2/com/sun/activation/jakarta.activation/1.2.2/jakarta.activation-1.2.2.jar:/Users/u2pxp9x/.m2/org/springframework/data/spring-data-jpa/2.7.2/spring-data-jpa-2.7.2.jar:/Users/u2pxp9x/.m2/org/springframework/data/spring-data-commons/2.7.2/spring-data-commons-2.7.2.jar:/Users/u2pxp9x/.m2/org/springframework/spring-orm/5.3.22/spring-orm-5.3.22.jar:/Users/u2pxp9x/.m2/org/springframework/spring-tx/5.3.22/spring-tx-5.3.22.jar:/Users/u2pxp9x/.m2/org/springframework/spring-aspects/5.3.22/spring-aspects-5.3.22.jar:/Users/u2pxp9x/.m2/org/projectlombok/lombok/1.18.24/lombok-1.18.24.jar:/Users/u2pxp9x/.m2/org/springdoc/springdoc-openapi-ui/1.6.9/springdoc-openapi-ui-1.6.9.jar:/Users/u2pxp9x/.m2/org/springdoc/springdoc-openapi-webmvc-core/1.6.9/springdoc-openapi-webmvc-core-1.6.9.jar:/Users/u2pxp9x/.m2/org/springdoc/springdoc-openapi-common/1.6.9/springdoc-openapi-common-1.6.9.jar:/Users/u2pxp9x/.m2/io/swagger/core/v3/swagger-core/2.2.0/swagger-core-2.2.0.jar:/Users/u2pxp9x/.m2/org/apache/commons/commons-lang3/3.12.0/commons-lang3-3.12.0.jar:/Users/u2pxp9x/.m2/com/fasterxml/jackson/dataformat/jackson-dataformat-yaml/2.13.3/jackson-dataformat-yaml-2.13.3.jar:/Users/u2pxp9x/.m2/io/swagger/core/v3/swagger-annotations/2.2.0/swagger-annotations-2.2.0.jar:/Users/u2pxp9x/.m2/io/swagger/core/v3/swagger-models/2.2.0/swagger-models-2.2.0.jar:/Users/u2pxp9x/.m2/jakarta/validation/jakarta.validation-api/2.0.2/jakarta.validation-api-2.0.2.jar:/Users/u2pxp9x/.m2/org/webjars/swagger-ui/4.11.1/swagger-ui-4.11.1.jar:/Users/u2pxp9x/.m2/org/webjars/webjars-locator-core/0.50/webjars-locator-core-0.50.jar:/Users/u2pxp9x/.m2/com/fasterxml/jackson/core/jackson-core/2.13.3/jackson-core-2.13.3.jar:/Users/u2pxp9x/.m2/io/github/classgraph/classgraph/4.8.147/classgraph-4.8.147.jar:/Users/u2pxp9x/.m2/mysql/mysql-connector-java/8.0.29/mysql-connector-java-8.0.29.jar:"/>
    <property name="java.vm.vendor" value="Azul Systems, Inc."/>
    <property name="sun.arch.data.model" value="64"/>
    <property name="java.vendor.url" value="http://www.azul.com/"/>
    <property name="user.timezone" value=""/>
    <property name="java.vm.specification.version" value="1.8"/>
    <property name="os.name" value="Mac OS X"/>
    <property name="user.country" value="DE"/>
    <property name="sun.java.launcher" value="SUN_STANDARD"/>
    <property name="sun.boot.library.path" value="/Users/u2pxp9x/.sdkman/candidates/java/8.0.352-zulu/zulu-8.jdk/Contents/Home/jre/lib"/>
    <property name="sun.java.command" value="/Users/u2pxp9x/dev/fak-pruefung/film-night/film-night-backend/target/surefire/surefirebooter214526259455405875.jar /Users/u2pxp9x/dev/fak-pruefung/film-night/film-night-backend/target/surefire 2023-01-19T14-30-40_832-jvmRun1 surefire6189692308542259967tmp surefire_03902820361160667238tmp"/>
    <property name="surefire.test.class.path" value="/Users/u2pxp9x/dev/fak-pruefung/film-night/film-night-backend/target/test-classes:/Users/u2pxp9x/dev/fak-pruefung/film-night/film-night-backend/target/classes:/Users/u2pxp9x/.m2/org/springframework/boot/spring-boot-starter-web/2.7.2/spring-boot-starter-web-2.7.2.jar:/Users/u2pxp9x/.m2/org/springframework/boot/spring-boot-starter/2.7.2/spring-boot-starter-2.7.2.jar:/Users/u2pxp9x/.m2/org/springframework/boot/spring-boot/2.7.2/spring-boot-2.7.2.jar:/Users/u2pxp9x/.m2/org/springframework/boot/spring-boot-autoconfigure/2.7.2/spring-boot-autoconfigure-2.7.2.jar:/Users/u2pxp9x/.m2/org/springframework/boot/spring-boot-starter-logging/2.7.2/spring-boot-starter-logging-2.7.2.jar:/Users/u2pxp9x/.m2/ch/qos/logback/logback-classic/1.2.11/logback-classic-1.2.11.jar:/Users/u2pxp9x/.m2/ch/qos/logback/logback-core/1.2.11/logback-core-1.2.11.jar:/Users/u2pxp9x/.m2/org/apache/logging/log4j/log4j-to-slf4j/2.17.2/log4j-to-slf4j-2.17.2.jar:/Users/u2pxp9x/.m2/org/apache/logging/log4j/log4j-api/2.17.2/log4j-api-2.17.2.jar:/Users/u2pxp9x/.m2/org/slf4j/jul-to-slf4j/1.7.36/jul-to-slf4j-1.7.36.jar:/Users/u2pxp9x/.m2/jakarta/annotation/jakarta.annotation-api/1.3.5/jakarta.annotation-api-1.3.5.jar:/Users/u2pxp9x/.m2/org/yaml/snakeyaml/1.30/snakeyaml-1.30.jar:/Users/u2pxp9x/.m2/org/springframework/boot/spring-boot-starter-json/2.7.2/spring-boot-starter-json-2.7.2.jar:/Users/u2pxp9x/.m2/com/fasterxml/jackson/core/jackson-databind/2.13.3/jackson-databind-2.13.3.jar:/Users/u2pxp9x/.m2/com/fasterxml/jackson/core/jackson-annotations/2.13.3/jackson-annotations-2.13.3.jar:/Users/u2pxp9x/.m2/com/fasterxml/jackson/datatype/jackson-datatype-jdk8/2.13.3/jackson-datatype-jdk8-2.13.3.jar:/Users/u2pxp9x/.m2/com/fasterxml/jackson/datatype/jackson-datatype-jsr310/2.13.3/jackson-datatype-jsr310-2.13.3.jar:/Users/u2pxp9x/.m2/com/fasterxml/jackson/module/jackson-module-parameter-names/2.13.3/jackson-module-parameter-names-2.13.3.jar:/Users/u2pxp9x/.m2/org/springframework/boot/spring-boot-starter-tomcat/2.7.2/spring-boot-starter-tomcat-2.7.2.jar:/Users/u2pxp9x/.m2/org/apache/tomcat/embed/tomcat-embed-core/9.0.65/tomcat-embed-core-9.0.65.jar:/Users/u2pxp9x/.m2/org/apache/tomcat/embed/tomcat-embed-el/9.0.65/tomcat-embed-el-9.0.65.jar:/Users/u2pxp9x/.m2/org/apache/tomcat/embed/tomcat-embed-websocket/9.0.65/tomcat-embed-websocket-9.0.65.jar:/Users/u2pxp9x/.m2/org/springframework/spring-web/5.3.22/spring-web-5.3.22.jar:/Users/u2pxp9x/.m2/org/springframework/spring-beans/5.3.22/spring-beans-5.3.22.jar:/Users/u2pxp9x/.m2/org/springframework/spring-webmvc/5.3.22/spring-webmvc-5.3.22.jar:/Users/u2pxp9x/.m2/org/springframework/spring-aop/5.3.22/spring-aop-5.3.22.jar:/Users/u2pxp9x/.m2/org/springframework/spring-context/5.3.22/spring-context-5.3.22.jar:/Users/u2pxp9x/.m2/org/springframework/spring-expression/5.3.22/spring-expression-5.3.22.jar:/Users/u2pxp9x/.m2/org/springframework/boot/spring-boot-starter-test/2.7.2/spring-boot-starter-test-2.7.2.jar:/Users/u2pxp9x/.m2/org/springframework/boot/spring-boot-test/2.7.2/spring-boot-test-2.7.2.jar:/Users/u2pxp9x/.m2/org/springframework/boot/spring-boot-test-autoconfigure/2.7.2/spring-boot-test-autoconfigure-2.7.2.jar:/Users/u2pxp9x/.m2/com/jayway/jsonpath/json-path/2.7.0/json-path-2.7.0.jar:/Users/u2pxp9x/.m2/net/minidev/json-smart/2.4.8/json-smart-2.4.8.jar:/Users/u2pxp9x/.m2/net/minidev/accessors-smart/2.4.8/accessors-smart-2.4.8.jar:/Users/u2pxp9x/.m2/org/ow2/asm/asm/9.1/asm-9.1.jar:/Users/u2pxp9x/.m2/org/slf4j/slf4j-api/1.7.36/slf4j-api-1.7.36.jar:/Users/u2pxp9x/.m2/jakarta/xml/bind/jakarta.xml.bind-api/2.3.3/jakarta.xml.bind-api-2.3.3.jar:/Users/u2pxp9x/.m2/jakarta/activation/jakarta.activation-api/1.2.2/jakarta.activation-api-1.2.2.jar:/Users/u2pxp9x/.m2/org/assertj/assertj-core/3.22.0/assertj-core-3.22.0.jar:/Users/u2pxp9x/.m2/org/hamcrest/hamcrest/2.2/hamcrest-2.2.jar:/Users/u2pxp9x/.m2/org/junit/jupiter/junit-jupiter/5.8.2/junit-jupiter-5.8.2.jar:/Users/u2pxp9x/.m2/org/junit/jupiter/junit-jupiter-api/5.8.2/junit-jupiter-api-5.8.2.jar:/Users/u2pxp9x/.m2/org/opentest4j/opentest4j/1.2.0/opentest4j-1.2.0.jar:/Users/u2pxp9x/.m2/org/junit/platform/junit-platform-commons/1.8.2/junit-platform-commons-1.8.2.jar:/Users/u2pxp9x/.m2/org/apiguardian/apiguardian-api/1.1.2/apiguardian-api-1.1.2.jar:/Users/u2pxp9x/.m2/org/junit/jupiter/junit-jupiter-params/5.8.2/junit-jupiter-params-5.8.2.jar:/Users/u2pxp9x/.m2/org/junit/jupiter/junit-jupiter-engine/5.8.2/junit-jupiter-engine-5.8.2.jar:/Users/u2pxp9x/.m2/org/junit/platform/junit-platform-engine/1.8.2/junit-platform-engine-1.8.2.jar:/Users/u2pxp9x/.m2/org/mockito/mockito-core/4.5.1/mockito-core-4.5.1.jar:/Users/u2pxp9x/.m2/net/bytebuddy/byte-buddy/1.12.12/byte-buddy-1.12.12.jar:/Users/u2pxp9x/.m2/net/bytebuddy/byte-buddy-agent/1.12.12/byte-buddy-agent-1.12.12.jar:/Users/u2pxp9x/.m2/org/objenesis/objenesis/3.2/objenesis-3.2.jar:/Users/u2pxp9x/.m2/org/mockito/mockito-junit-jupiter/4.5.1/mockito-junit-jupiter-4.5.1.jar:/Users/u2pxp9x/.m2/org/skyscreamer/jsonassert/1.5.1/jsonassert-1.5.1.jar:/Users/u2pxp9x/.m2/com/vaadin/external/google/android-json/0.0.20131108.vaadin1/android-json-0.0.20131108.vaadin1.jar:/Users/u2pxp9x/.m2/org/springframework/spring-core/5.3.22/spring-core-5.3.22.jar:/Users/u2pxp9x/.m2/org/springframework/spring-jcl/5.3.22/spring-jcl-5.3.22.jar:/Users/u2pxp9x/.m2/org/springframework/spring-test/5.3.22/spring-test-5.3.22.jar:/Users/u2pxp9x/.m2/org/xmlunit/xmlunit-core/2.9.0/xmlunit-core-2.9.0.jar:/Users/u2pxp9x/.m2/org/springframework/boot/spring-boot-starter-data-jpa/2.7.2/spring-boot-starter-data-jpa-2.7.2.jar:/Users/u2pxp9x/.m2/org/springframework/boot/spring-boot-starter-aop/2.7.2/spring-boot-starter-aop-2.7.2.jar:/Users/u2pxp9x/.m2/org/aspectj/aspectjweaver/1.9.7/aspectjweaver-1.9.7.jar:/Users/u2pxp9x/.m2/org/springframework/boot/spring-boot-starter-jdbc/2.7.2/spring-boot-starter-jdbc-2.7.2.jar:/Users/u2pxp9x/.m2/com/zaxxer/HikariCP/4.0.3/HikariCP-4.0.3.jar:/Users/u2pxp9x/.m2/org/springframework/spring-jdbc/5.3.22/spring-jdbc-5.3.22.jar:/Users/u2pxp9x/.m2/jakarta/transaction/jakarta.transaction-api/1.3.3/jakarta.transaction-api-1.3.3.jar:/Users/u2pxp9x/.m2/jakarta/persistence/jakarta.persistence-api/2.2.3/jakarta.persistence-api-2.2.3.jar:/Users/u2pxp9x/.m2/org/hibernate/hibernate-core/5.6.10.Final/hibernate-core-5.6.10.Final.jar:/Users/u2pxp9x/.m2/org/jboss/logging/jboss-logging/3.4.3.Final/jboss-logging-3.4.3.Final.jar:/Users/u2pxp9x/.m2/antlr/antlr/2.7.7/antlr-2.7.7.jar:/Users/u2pxp9x/.m2/org/jboss/jandex/2.4.2.Final/jandex-2.4.2.Final.jar:/Users/u2pxp9x/.m2/com/fasterxml/classmate/1.5.1/classmate-1.5.1.jar:/Users/u2pxp9x/.m2/org/hibernate/common/hibernate-commons-annotations/5.1.2.Final/hibernate-commons-annotations-5.1.2.Final.jar:/Users/u2pxp9x/.m2/org/glassfish/jaxb/jaxb-runtime/2.3.6/jaxb-runtime-2.3.6.jar:/Users/u2pxp9x/.m2/org/glassfish/jaxb/txw2/2.3.6/txw2-2.3.6.jar:/Users/u2pxp9x/.m2/com/sun/istack/istack-commons-runtime/3.0.12/istack-commons-runtime-3.0.12.jar:/Users/u2pxp9x/.m2/com/sun/activation/jakarta.activation/1.2.2/jakarta.activation-1.2.2.jar:/Users/u2pxp9x/.m2/org/springframework/data/spring-data-jpa/2.7.2/spring-data-jpa-2.7.2.jar:/Users/u2pxp9x/.m2/org/springframework/data/spring-data-commons/2.7.2/spring-data-commons-2.7.2.jar:/Users/u2pxp9x/.m2/org/springframework/spring-orm/5.3.22/spring-orm-5.3.22.jar:/Users/u2pxp9x/.m2/org/springframework/spring-tx/5.3.22/spring-tx-5.3.22.jar:/Users/u2pxp9x/.m2/org/springframework/spring-aspects/5.3.22/spring-aspects-5.3.22.jar:/Users/u2pxp9x/.m2/org/projectlombok/lombok/1.18.24/lombok-1.18.24.jar:/Users/u2pxp9x/.m2/org/springdoc/springdoc-openapi-ui/1.6.9/springdoc-openapi-ui-1.6.9.jar:/Users/u2pxp9x/.m2/org/springdoc/springdoc-openapi-webmvc-core/1.6.9/springdoc-openapi-webmvc-core-1.6.9.jar:/Users/u2pxp9x/.m2/org/springdoc/springdoc-openapi-common/1.6.9/springdoc-openapi-common-1.6.9.jar:/Users/u2pxp9x/.m2/io/swagger/core/v3/swagger-core/2.2.0/swagger-core-2.2.0.jar:/Users/u2pxp9x/.m2/org/apache/commons/commons-lang3/3.12.0/commons-lang3-3.12.0.jar:/Users/u2pxp9x/.m2/com/fasterxml/jackson/dataformat/jackson-dataformat-yaml/2.13.3/jackson-dataformat-yaml-2.13.3.jar:/Users/u2pxp9x/.m2/io/swagger/core/v3/swagger-annotations/2.2.0/swagger-annotations-2.2.0.jar:/Users/u2pxp9x/.m2/io/swagger/core/v3/swagger-models/2.2.0/swagger-models-2.2.0.jar:/Users/u2pxp9x/.m2/jakarta/validation/jakarta.validation-api/2.0.2/jakarta.validation-api-2.0.2.jar:/Users/u2pxp9x/.m2/org/webjars/swagger-ui/4.11.1/swagger-ui-4.11.1.jar:/Users/u2pxp9x/.m2/org/webjars/webjars-locator-core/0.50/webjars-locator-core-0.50.jar:/Users/u2pxp9x/.m2/com/fasterxml/jackson/core/jackson-core/2.13.3/jackson-core-2.13.3.jar:/Users/u2pxp9x/.m2/io/github/classgraph/classgraph/4.8.147/classgraph-4.8.147.jar:/Users/u2pxp9x/.m2/mysql/mysql-connector-java/8.0.29/mysql-connector-java-8.0.29.jar:"/>
    <property name="sun.cpu.endian" value="little"/>
    <property name="user.home" value="/Users/u2pxp9x"/>
    <property name="user.language" value="de"/>
    <property name="java.specification.vendor" value="Oracle Corporation"/>
    <property name="java.home" value="/Users/u2pxp9x/.sdkman/candidates/java/8.0.352-zulu/zulu-8.jdk/Contents/Home/jre"/>
    <property name="basedir" value="/Users/u2pxp9x/dev/fak-pruefung/film-night/film-night-backend"/>
    <property name="file.separator" value="/"/>
    <property name="line.separator" value="&#10;"/>
    <property name="jdk.vendor.version" value="Zulu 8.66.0.15-CA-macos-aarch64"/>
    <property name="java.vm.specification.vendor" value="Oracle Corporation"/>
    <property name="java.specification.name" value="Java Platform API Specification"/>
    <property name="java.awt.graphicsenv" value="sun.awt.CGraphicsEnvironment"/>
    <property name="surefire.real.class.path" value="/Users/u2pxp9x/dev/fak-pruefung/film-night/film-night-backend/target/surefire/surefirebooter214526259455405875.jar"/>
    <property name="sun.boot.class.path" value="/Users/u2pxp9x/.sdkman/candidates/java/8.0.352-zulu/zulu-8.jdk/Contents/Home/jre/lib/resources.jar:/Users/u2pxp9x/.sdkman/candidates/java/8.0.352-zulu/zulu-8.jdk/Contents/Home/jre/lib/rt.jar:/Users/u2pxp9x/.sdkman/candidates/java/8.0.352-zulu/zulu-8.jdk/Contents/Home/jre/lib/sunrsasign.jar:/Users/u2pxp9x/.sdkman/candidates/java/8.0.352-zulu/zulu-8.jdk/Contents/Home/jre/lib/jsse.jar:/Users/u2pxp9x/.sdkman/candidates/java/8.0.352-zulu/zulu-8.jdk/Contents/Home/jre/lib/jce.jar:/Users/u2pxp9x/.sdkman/candidates/java/8.0.352-zulu/zulu-8.jdk/Contents/Home/jre/lib/charsets.jar:/Users/u2pxp9x/.sdkman/candidates/java/8.0.352-zulu/zulu-8.jdk/Contents/Home/jre/lib/jfr.jar:/Users/u2pxp9x/.sdkman/candidates/java/8.0.352-zulu/zulu-8.jdk/Contents/Home/jre/lib/cat.jar:/Users/u2pxp9x/.sdkman/candidates/java/8.0.352-zulu/zulu-8.jdk/Contents/Home/jre/classes"/>
    <property name="sun.management.compiler" value="HotSpot 64-Bit Tiered Compilers"/>
    <property name="java.runtime.version" value="1.8.0_352-b08"/>
    <property name="user.name" value="u2pxp9x"/>
    <property name="path.separator" value=":"/>
    <property name="os.version" value="13.1"/>
    <property name="java.endorsed.dirs" value="/Users/u2pxp9x/.sdkman/candidates/java/8.0.352-zulu/zulu-8.jdk/Contents/Home/jre/lib/endorsed"/>
    <property name="java.runtime.name" value="OpenJDK Runtime Environment"/>
    <property name="file.encoding" value="UTF-8"/>
    <property name="java.vm.name" value="OpenJDK 64-Bit Server VM"/>
    <property name="localRepository" value="/Users/u2pxp9x/.m2"/>
    <property name="java.vendor.url.bug" value="http://www.azul.com/support/"/>
    <property name="java.io.tmpdir" value="/var/folders/9p/ymbhjylj3n5gr_k99y4kf2t00000gr/T/"/>
    <property name="java.version" value="1.8.0_352"/>
    <property name="user.dir" value="/Users/u2pxp9x/dev/fak-pruefung/film-night/film-night-backend"/>
    <property name="os.arch" value="aarch64"/>
    <property name="java.vm.specification.name" value="Java Virtual Machine Specification"/>
    <property name="java.awt.printerjob" value="sun.lwawt.macosx.CPrinterJob"/>
    <property name="sun.os.patch.level" value="unknown"/>
    <property name="java.library.path" value="/Users/u2pxp9x/Library/Java/Extensions:/Library/Java/Extensions:/Network/Library/Java/Extensions:/System/Library/Java/Extensions:/usr/lib/java:."/>
    <property name="java.vm.info" value="mixed mode"/>
    <property name="java.vendor" value="Azul Systems, Inc."/>
    <property name="java.vm.version" value="25.352-b08"/>
    <property name="java.specification.maintenance.version" value="4"/>
    <property name="java.ext.dirs" value="/Users/u2pxp9x/Library/Java/Extensions:/Users/u2pxp9x/.sdkman/candidates/java/8.0.352-zulu/zulu-8.jdk/Contents/Home/jre/lib/ext:/Library/Java/Extensions:/Network/Library/Java/Extensions:/System/Library/Java/Extensions:/usr/lib/java"/>
    <property name="sun.io.unicode.encoding" value="UnicodeBig"/>
    <property name="java.class.version" value="52.0"/>
  </properties>
  <testcase name="contextLoads" classname="de.volkswagen.filmnightbackend.FilmNightBackendApplicationTests" time="0.044"/>
</testsuite>